<?xml version="1.0" encoding="UTF-8"?>
<testng-results skipped="0" failed="0" total="1" passed="1">
  <reporter-output>
  </reporter-output>
  <suite name="Default suite" duration-ms="73950" started-at="2018-05-22T07:33:53Z" finished-at="2018-05-22T07:35:07Z">
    <groups>
    </groups>
    <test name="Default test" duration-ms="73950" started-at="2018-05-22T07:33:53Z" finished-at="2018-05-22T07:35:07Z">
      <class name="com.imdb.TestScripts.FetchMovieDetailTest">
        <test-method status="PASS" signature="setupEnvironment()[pri:0, instance:com.imdb.TestScripts.FetchMovieDetailTest@239963d8]" name="setupEnvironment" is-config="true" duration-ms="14" started-at="2018-05-22T13:03:53Z" finished-at="2018-05-22T13:03:53Z">
          <reporter-output>
          </reporter-output>
        </test-method> <!-- setupEnvironment -->
        <test-method status="PASS" signature="testSetup(org.testng.ITestContext)[pri:0, instance:com.imdb.TestScripts.FetchMovieDetailTest@239963d8]" name="testSetup" is-config="true" duration-ms="4546" started-at="2018-05-22T13:03:53Z" finished-at="2018-05-22T13:03:57Z">
          <params>
            <param index="0">
              <value>
                <![CDATA[org.testng.TestRunner@2af004b]]>
              </value>
            </param>
          </params>
          <reporter-output>
          </reporter-output>
        </test-method> <!-- testSetup -->
        <test-method status="PASS" signature="fetchMovieTitle()[pri:0, instance:com.imdb.TestScripts.FetchMovieDetailTest@239963d8]" name="fetchMovieTitle" duration-ms="69381" started-at="2018-05-22T13:03:57Z" finished-at="2018-05-22T13:05:07Z">
          <reporter-output>
          </reporter-output>
        </test-method> <!-- fetchMovieTitle -->
        <test-method status="PASS" signature="testTeardown(org.testng.ITestResult)[pri:0, instance:com.imdb.TestScripts.FetchMovieDetailTest@239963d8]" name="testTeardown" is-config="true" duration-ms="0" started-at="2018-05-22T13:05:07Z" finished-at="2018-05-22T13:05:07Z">
          <params>
            <param index="0">
              <value>
                <![CDATA[[TestResult name=fetchMovieTitle status=SUCCESS method=FetchMovieDetailTest.fetchMovieTitle()[pri:0, instance:com.imdb.TestScripts.FetchMovieDetailTest@239963d8] output={null}]]]>
              </value>
            </param>
          </params>
          <reporter-output>
          </reporter-output>
        </test-method> <!-- testTeardown -->
      </class> <!-- com.imdb.TestScripts.FetchMovieDetailTest -->
    </test> <!-- Default test -->
  </suite> <!-- Default suite -->
</testng-results>
